<?xml version="1.0" encoding="UTF-8"?>
<testng-results skipped="0" failed="1" ignored="0" total="7" passed="6">
  <reporter-output>
  </reporter-output>
  <suite name="用户管理系统测试套件" duration-ms="20450" started-at="2019-05-30T14:58:54Z" finished-at="2019-05-30T14:59:15Z">
    <groups>
      <group name="loginTrue">
        <method signature="LoginTest.loginTrue()[pri:0, instance:com.course.cases.LoginTest@1684286]" name="loginTrue" class="com.course.cases.LoginTest"/>
      </group> <!-- loginTrue -->
    </groups>
    <test name="用户管理系统测试用例" duration-ms="20450" started-at="2019-05-30T14:58:54Z" finished-at="2019-05-30T14:59:15Z">
      <class name="com.course.cases.UpdateUserInfoTest">
        <test-method status="PASS" signature="updateUserInfo()[pri:0, instance:com.course.cases.UpdateUserInfoTest@d64342]" name="updateUserInfo" duration-ms="2120" depends-on-groups="loginTrue" started-at="2019-05-30T22:59:09Z" description="鏇存敼鐢ㄦ埛淇℃伅" finished-at="2019-05-30T22:59:11Z">
          <reporter-output>
          </reporter-output>
        </test-method> <!-- updateUserInfo -->
        <test-method status="PASS" signature="deleteUser()[pri:0, instance:com.course.cases.UpdateUserInfoTest@d64342]" name="deleteUser" duration-ms="2064" depends-on-groups="loginTrue" started-at="2019-05-30T22:59:11Z" description="鍒犻櫎鐢ㄦ埛" finished-at="2019-05-30T22:59:13Z">
          <reporter-output>
          </reporter-output>
        </test-method> <!-- deleteUser -->
      </class> <!-- com.course.cases.UpdateUserInfoTest -->
      <class name="com.course.cases.LoginTest">
        <test-method status="PASS" signature="beforeTest()[pri:0, instance:com.course.cases.LoginTest@1684286]" name="beforeTest" is-config="true" duration-ms="63" started-at="2019-05-30T22:58:54Z" description="娴嬭瘯鍑嗗宸ヤ綔,鑾峰彇HttpClient瀵硅薄" finished-at="2019-05-30T22:58:55Z">
          <reporter-output>
          </reporter-output>
        </test-method> <!-- beforeTest -->
        <test-method status="PASS" signature="loginTrue()[pri:0, instance:com.course.cases.LoginTest@1684286]" name="loginTrue" duration-ms="1871" started-at="2019-05-30T22:58:55Z" description="鐢ㄦ埛鎴愬姛鐧婚檰鎺ュ彛" finished-at="2019-05-30T22:58:56Z">
          <reporter-output>
          </reporter-output>
        </test-method> <!-- loginTrue -->
        <test-method status="PASS" signature="loginFalse()[pri:0, instance:com.course.cases.LoginTest@1684286]" name="loginFalse" duration-ms="86" started-at="2019-05-30T22:58:56Z" description="鐢ㄦ埛鐧婚檰澶辫触鎺ュ彛" finished-at="2019-05-30T22:58:57Z">
          <reporter-output>
          </reporter-output>
        </test-method> <!-- loginFalse -->
      </class> <!-- com.course.cases.LoginTest -->
      <class name="com.course.cases.GetUserInfoTest">
        <test-method status="PASS" signature="getUserInfo()[pri:0, instance:com.course.cases.GetUserInfoTest@163425a]" name="getUserInfo" duration-ms="2071" depends-on-groups="loginTrue" started-at="2019-05-30T22:59:07Z" description="鑾峰彇userId涓�1鐨勭敤鎴蜂俊鎭�" finished-at="2019-05-30T22:59:09Z">
          <reporter-output>
          </reporter-output>
        </test-method> <!-- getUserInfo -->
      </class> <!-- com.course.cases.GetUserInfoTest -->
      <class name="com.course.cases.AddUserTest">
        <test-method status="FAIL" signature="addUser()[pri:0, instance:com.course.cases.AddUserTest@80ec60]" name="addUser" duration-ms="10078" depends-on-groups="loginTrue" started-at="2019-05-30T22:58:57Z" description="娣诲姞鐢ㄦ埛鎺ュ彛娴嬭瘯" finished-at="2019-05-30T22:59:07Z">
          <exception class="org.apache.ibatis.exceptions.TooManyResultsException">
            <message>
              <![CDATA[Expected one result (or null) to be returned by selectOne(), but found: 4]]>
            </message>
            <full-stacktrace>
              <![CDATA[org.apache.ibatis.exceptions.TooManyResultsException: Expected one result (or null) to be returned by selectOne(), but found: 4
	at org.apache.ibatis.session.defaults.DefaultSqlSession.selectOne(DefaultSqlSession.java:81)
	at com.course.cases.AddUserTest.addUser(AddUserTest.java:39)
	at sun.reflect.NativeMethodAccessorImpl.invoke0(Native Method)
	at sun.reflect.NativeMethodAccessorImpl.invoke(NativeMethodAccessorImpl.java:62)
	at sun.reflect.DelegatingMethodAccessorImpl.invoke(DelegatingMethodAccessorImpl.java:43)
	at java.lang.reflect.Method.invoke(Method.java:498)
	at org.testng.internal.MethodInvocationHelper.invokeMethod(MethodInvocationHelper.java:104)
	at org.testng.internal.Invoker.invokeMethod(Invoker.java:645)
	at org.testng.internal.Invoker.invokeTestMethod(Invoker.java:851)
	at org.testng.internal.Invoker.invokeTestMethods(Invoker.java:1177)
	at org.testng.internal.TestMethodWorker.invokeTestMethods(TestMethodWorker.java:129)
	at org.testng.internal.TestMethodWorker.run(TestMethodWorker.java:112)
	at org.testng.TestRunner.privateRun(TestRunner.java:756)
	at org.testng.TestRunner.run(TestRunner.java:610)
	at org.testng.SuiteRunner.runTest(SuiteRunner.java:387)
	at org.testng.SuiteRunner.runSequentially(SuiteRunner.java:382)
	at org.testng.SuiteRunner.privateRun(SuiteRunner.java:340)
	at org.testng.SuiteRunner.run(SuiteRunner.java:289)
	at org.testng.SuiteRunnerWorker.runSuite(SuiteRunnerWorker.java:52)
	at org.testng.SuiteRunnerWorker.run(SuiteRunnerWorker.java:86)
	at org.testng.TestNG.runSuitesSequentially(TestNG.java:1293)
	at org.testng.TestNG.runSuitesLocally(TestNG.java:1218)
	at org.testng.TestNG.runSuites(TestNG.java:1133)
	at org.testng.TestNG.run(TestNG.java:1104)
	at org.apache.maven.surefire.testng.TestNGExecutor.run(TestNGExecutor.java:74)
	at org.apache.maven.surefire.testng.TestNGXmlTestSuite.execute(TestNGXmlTestSuite.java:93)
	at org.apache.maven.surefire.testng.TestNGProvider.invoke(TestNGProvider.java:101)
	at sun.reflect.NativeMethodAccessorImpl.invoke0(Native Method)
	at sun.reflect.NativeMethodAccessorImpl.invoke(NativeMethodAccessorImpl.java:62)
	at sun.reflect.DelegatingMethodAccessorImpl.invoke(DelegatingMethodAccessorImpl.java:43)
	at java.lang.reflect.Method.invoke(Method.java:498)
	at org.apache.maven.surefire.booter.ProviderFactory$ClassLoaderProxy.invoke(ProviderFactory.java:103)
	at com.sun.proxy.$Proxy0.invoke(Unknown Source)
	at org.apache.maven.surefire.booter.SurefireStarter.invokeProvider(SurefireStarter.java:145)
	at org.apache.maven.surefire.booter.SurefireStarter.runSuitesInProcess(SurefireStarter.java:87)
	at org.apache.maven.surefire.booter.ForkedBooter.main(ForkedBooter.java:69)
]]>
            </full-stacktrace>
          </exception> <!-- org.apache.ibatis.exceptions.TooManyResultsException -->
          <reporter-output>
          </reporter-output>
        </test-method> <!-- addUser -->
      </class> <!-- com.course.cases.AddUserTest -->
      <class name="com.course.cases.GetUserInfoListTest">
        <test-method status="PASS" signature="getUserListInfo()[pri:0, instance:com.course.cases.GetUserInfoListTest@1ba5a14]" name="getUserListInfo" duration-ms="2061" depends-on-groups="loginTrue" started-at="2019-05-30T22:59:13Z" description="鑾峰彇鎬у埆涓虹敺鐨勭敤鎴蜂俊鎭�" finished-at="2019-05-30T22:59:15Z">
          <reporter-output>
          </reporter-output>
        </test-method> <!-- getUserListInfo -->
      </class> <!-- com.course.cases.GetUserInfoListTest -->
    </test> <!-- 用户管理系统测试用例 -->
  </suite> <!-- 用户管理系统测试套件 -->
</testng-results>
