<?xml version="1.0" encoding="UTF-8" ?>
<testsuite tests="7" failures="1" name="TestSuite" time="22.313" errors="0" skipped="0">
  <properties>
[...]
</properties>
  <testcase classname="com.course.cases.LoginTest" name="loginTrue" time="1.87"/>
  <testcase classname="com.course.cases.LoginTest" name="loginFalse" time="0.087"/>
  <testcase classname="com.course.cases.AddUserTest" name="addUser" time="10.083">
    <failure message="Expected one result (or null) to be returned by selectOne(), but found: 4" type="org.apache.ibatis.exceptions.TooManyResultsException">org.apache.ibatis.exceptions.TooManyResultsException: Expected one result (or null) to be returned by selectOne(), but found: 4
	at org.apache.ibatis.session.defaults.DefaultSqlSession.selectOne(DefaultSqlSession.java:81)
	at com.course.cases.AddUserTest.addUser(AddUserTest.java:39)
</failure>
    <system-out>AddUserCase(userName=bbbbb, password=123456, sex=0, age=20, permission=0, isDelete=0, expected=true)
http://localhost:8888/v1/addUser
true
</system-out>
  </testcase>
  <testcase classname="com.course.cases.GetUserInfoTest" name="getUserInfo" time="2.071"/>
  <testcase classname="com.course.cases.UpdateUserInfoTest" name="updateUserInfo" time="2.12"/>
  <testcase classname="com.course.cases.UpdateUserInfoTest" name="deleteUser" time="2.065"/>
  <testcase classname="com.course.cases.GetUserInfoListTest" name="getUserListInfo" time="2.061"/>
</testsuite>