<?xml version="1.0" encoding="UTF-8"?>
<!-- Generated by org.testng.reporters.JUnitXMLReporter -->
<testsuite hostname="Kerry_Amy-PC" ignored="0" name="用户管理系统测试用例" tests="7" failures="1" timestamp="30 五月 2019 14:59:15 GMT" time="20.45" errors="0">
  <testcase name="loginTrue" time="1.871" classname="com.course.cases.LoginTest"/>
  <testcase name="loginFalse" time="0.086" classname="com.course.cases.LoginTest"/>
  <testcase name="addUser" time="10.078" classname="com.course.cases.AddUserTest">
    <failure type="org.apache.ibatis.exceptions.TooManyResultsException" message="Expected one result (or null) to be returned by selectOne(), but found: 4">
      <![CDATA[org.apache.ibatis.exceptions.TooManyResultsException: Expected one result (or null) to be returned by selectOne(), but found: 4
	at org.apache.ibatis.session.defaults.DefaultSqlSession.selectOne(DefaultSqlSession.java:81)
	at com.course.cases.AddUserTest.addUser(AddUserTest.java:39)
	at com.sun.proxy.$Proxy0.invoke(Unknown Source)
... Removed 33 stack frames]]>
    </failure>
  </testcase> <!-- addUser -->
  <testcase name="getUserInfo" time="2.071" classname="com.course.cases.GetUserInfoTest"/>
  <testcase name="updateUserInfo" time="2.12" classname="com.course.cases.UpdateUserInfoTest"/>
  <testcase name="deleteUser" time="2.064" classname="com.course.cases.UpdateUserInfoTest"/>
  <testcase name="getUserListInfo" time="2.061" classname="com.course.cases.GetUserInfoListTest"/>
</testsuite> <!-- 用户管理系统测试用例 -->
